<?xml version="1.0" encoding="UTF-8"?>
<testsuite xmlns:xsi="http://www.w3.org/2001/XMLSchema-instance" xsi:noNamespaceSchemaLocation="https://maven.apache.org/surefire/maven-surefire-plugin/xsd/surefire-test-report.xsd" name="cl.usm.biblioteca.service.BibliotecaTest" time="0.067" tests="22" errors="0" skipped="0" failures="0">
  <properties>
[...]
</properties>
  <testcase name="prestarLibroConIsbnVacioDebeLanzarLibroNoEncontradoException" classname="cl.usm.biblioteca.service.BibliotecaTest" time="0.027"/>
  <testcase name="buscarPorIsbnInexistenteDebeRetornarOptionalVacio" classname="cl.usm.biblioteca.service.BibliotecaTest" time="0"/>
  <testcase name="prestarLibroYaPrestadoDebeLanzarLibroNoDisponibleException" classname="cl.usm.biblioteca.service.BibliotecaTest" time="0.002"/>
  <testcase name="prestarLibroDisponibleDebeMarcarloComoNoDisponible" classname="cl.usm.biblioteca.service.BibliotecaTest" time="0"/>
  <testcase name="registrarLibroDuplicadoDebeLanzarLibroDuplicadoException" classname="cl.usm.biblioteca.service.BibliotecaTest" time="0.001"/>
  <testcase name="registrarLibroConTituloVacioDebeLanzarIllegalArgumentException" classname="cl.usm.biblioteca.service.BibliotecaTest" time="0.001"/>
  <testcase name="devolverLibroYaDisponibleDebeLanzarLibroYaDisponibleException" classname="cl.usm.biblioteca.service.BibliotecaTest" time="0"/>
  <testcase name="buscarPorTituloDebeIgnorarMayusculasYMinusculas" classname="cl.usm.biblioteca.service.BibliotecaTest" time="0.001"/>
  <testcase name="registrarLibroNullDebeLanzarIllegalArgumentException" classname="cl.usm.biblioteca.service.BibliotecaTest" time="0.002"/>
  <testcase name="registrarLibroConIsbnNullDebeLanzarIllegalArgumentException" classname="cl.usm.biblioteca.service.BibliotecaTest" time="0"/>
  <testcase name="prestarLibroConIsbnNullDebeLanzarLibroNoEncontradoException" classname="cl.usm.biblioteca.service.BibliotecaTest" time="0"/>
  <testcase name="buscarPorTituloInexistenteDebeRetornarListaVacia" classname="cl.usm.biblioteca.service.BibliotecaTest" time="0.001"/>
  <testcase name="registrarLibroConTituloNullDebeLanzarIllegalArgumentException" classname="cl.usm.biblioteca.service.BibliotecaTest" time="0.001"/>
  <testcase name="devolverLibroInexistenteDebeLanzarLibroNoEncontradoException" classname="cl.usm.biblioteca.service.BibliotecaTest" time="0"/>
  <testcase name="prestarLibroInexistenteDebeLanzarLibroNoEncontradoException" classname="cl.usm.biblioteca.service.BibliotecaTest" time="0"/>
  <testcase name="buscarPorIsbnExistenteDebeRetornarLibro" classname="cl.usm.biblioteca.service.BibliotecaTest" time="0"/>
  <testcase name="registrarLibroConIsbnVacioDebeLanzarIllegalArgumentException" classname="cl.usm.biblioteca.service.BibliotecaTest" time="0.001"/>
  <testcase name="listarDisponiblesDebeRetornarSoloLibrosDisponibles" classname="cl.usm.biblioteca.service.BibliotecaTest" time="0.001"/>
  <testcase name="devolverLibroPrestadoDebeMarcarloComoDisponible" classname="cl.usm.biblioteca.service.BibliotecaTest" time="0"/>
  <testcase name="registrarLibroValidoDebeGuardarlo" classname="cl.usm.biblioteca.service.BibliotecaTest" time="0.001"/>
  <testcase name="buscarPorTituloConCoincidenciaParcialDebeRetornarLibros" classname="cl.usm.biblioteca.service.BibliotecaTest" time="0"/>
  <testcase name="registrarLibroValidoDebeQuedarDisponible" classname="cl.usm.biblioteca.service.BibliotecaTest" time="0.001"/>
</testsuite>